[PyIPOPT] Ipopt will use Hessian approximation.

[PyIPOPT] Problem created

******************************************************************************
This program contains Ipopt, a library for large-scale nonlinear optimization.
 Ipopt is released as open source code under the Eclipse Public License (EPL).
         For more information visit http://projects.coin-or.org/Ipopt
******************************************************************************

[PyIPOPT] Ipopt will use Hessian approximation.

[PyIPOPT] Problem created
[PyIPOPT] Ipopt will use Hessian approximation.

[PyIPOPT] Problem created
[PyIPOPT] Ipopt will use Hessian approximation.

[PyIPOPT] Problem created
[PyIPOPT] Ipopt will use Hessian approximation.

[PyIPOPT] Problem created
[PyIPOPT] Ipopt will use Hessian approximation.

[PyIPOPT] Problem created
[PyIPOPT] Ipopt will use Hessian approximation.

[PyIPOPT] Problem created
[PyIPOPT] Ipopt will use Hessian approximation.

[PyIPOPT] Problem created
[PyIPOPT] Ipopt will use Hessian approximation.

[PyIPOPT] Problem created
[PyIPOPT] Ipopt will use Hessian approximation.

[PyIPOPT] Problem created
[PyIPOPT] Ipopt will use Hessian approximation.

[PyIPOPT] Problem created
[PyIPOPT] Ipopt will use Hessian approximation.

[PyIPOPT] Problem created
[PyIPOPT] Ipopt will use Hessian approximation.

[PyIPOPT] Problem created
[PyIPOPT] Ipopt will use Hessian approximation.

[PyIPOPT] Problem created
[PyIPOPT] Ipopt will use Hessian approximation.

[PyIPOPT] Problem created
[PyIPOPT] Ipopt will use Hessian approximation.

[PyIPOPT] Problem created
[PyIPOPT] Ipopt will use Hessian approximation.

[PyIPOPT] Problem created
[PyIPOPT] Ipopt will use Hessian approximation.

[PyIPOPT] Problem created
[PyIPOPT] Ipopt will use Hessian approximation.

[PyIPOPT] Problem created
[PyIPOPT] Ipopt will use Hessian approximation.

[PyIPOPT] Problem created
[PyIPOPT] Ipopt will use Hessian approximation.

[PyIPOPT] Problem created
[PyIPOPT] Ipopt will use Hessian approximation.

[PyIPOPT] Problem created
[PyIPOPT] Ipopt will use Hessian approximation.

[PyIPOPT] Problem created
[PyIPOPT] Ipopt will use Hessian approximation.

[PyIPOPT] Problem created
[PyIPOPT] Ipopt will use Hessian approximation.

[PyIPOPT] Problem created
[PyIPOPT] Ipopt will use Hessian approximation.

[PyIPOPT] Problem created
[PyIPOPT] Ipopt will use Hessian approximation.

[PyIPOPT] Problem created
[PyIPOPT] Ipopt will use Hessian approximation.

[PyIPOPT] Problem created
[PyIPOPT] Ipopt will use Hessian approximation.

[PyIPOPT] Problem created
[PyIPOPT] Ipopt will use Hessian approximation.

[PyIPOPT] Problem created
[PyIPOPT] Ipopt will use Hessian approximation.

[PyIPOPT] Problem created
[PyIPOPT] Ipopt will use Hessian approximation.

[PyIPOPT] Problem created
[PyIPOPT] Ipopt will use Hessian approximation.

[PyIPOPT] Problem created
[PyIPOPT] Ipopt will use Hessian approximation.

[PyIPOPT] Problem created
[PyIPOPT] Ipopt will use Hessian approximation.

[PyIPOPT] Problem created
[PyIPOPT] Ipopt will use Hessian approximation.

[PyIPOPT] Problem created
[PyIPOPT] Ipopt will use Hessian approximation.

[PyIPOPT] Problem created
[PyIPOPT] Ipopt will use Hessian approximation.

[PyIPOPT] Problem created
[PyIPOPT] Ipopt will use Hessian approximation.

[PyIPOPT] Problem created
[PyIPOPT] Ipopt will use Hessian approximation.

[PyIPOPT] Problem created
[PyIPOPT] Ipopt will use Hessian approximation.

[PyIPOPT] Problem created
[PyIPOPT] Ipopt will use Hessian approximation.

[PyIPOPT] Problem created
[PyIPOPT] Ipopt will use Hessian approximation.

[PyIPOPT] Problem created
[PyIPOPT] Ipopt will use Hessian approximation.

[PyIPOPT] Problem created
[PyIPOPT] Ipopt will use Hessian approximation.

[PyIPOPT] Problem created
[PyIPOPT] Ipopt will use Hessian approximation.

[PyIPOPT] Problem created
[PyIPOPT] Ipopt will use Hessian approximation.

[PyIPOPT] Problem created
[PyIPOPT] Ipopt will use Hessian approximation.

[PyIPOPT] Problem created
[PyIPOPT] Ipopt will use Hessian approximation.

[PyIPOPT] Problem created
[PyIPOPT] Ipopt will use Hessian approximation.

[PyIPOPT] Problem created
[PyIPOPT] Ipopt will use Hessian approximation.

[PyIPOPT] Problem created
[PyIPOPT] Ipopt will use Hessian approximation.

[PyIPOPT] Problem created
[PyIPOPT] Ipopt will use Hessian approximation.

[PyIPOPT] Problem created
[PyIPOPT] Ipopt will use Hessian approximation.

[PyIPOPT] Problem created
[PyIPOPT] Ipopt will use Hessian approximation.

[PyIPOPT] Problem created
