serial error   : 1.54987e-13
parallel error : 1.67644e-14
1num threads
8max threads
serial     : 0.327875 seconds	parallel   : 0.28832 seconds
speedup    : 1.13719
efficiency : 0.142149
serial error   : 1.54987e-13
parallel error : 3.66374e-14
1num threads
16max threads
serial     : 0.303518 seconds	parallel   : 0.294793 seconds
speedup    : 1.0296
efficiency : 0.0643498
serial error   : 1.54987e-13
parallel error : 2.83107e-14
1num threads
32max threads
serial     : 0.311768 seconds	parallel   : 0.289732 seconds
speedup    : 1.07606
efficiency : 0.0336268
